<?xml version="1.0" encoding="UTF-8"?>
<robot generator="Robot 4.0.1 (Python 3.9.4 on win32)" generated="20210906 16:20:30.225" rpa="false" schemaversion="2">
<suite id="s1" name="CreateCharacters" source="C:\Projetos\test-automation-marvel-api\specs\CreateCharacters.robot">
<kw name="Super Setup" library="Base" type="SETUP">
<arg>eliete@gmail.com</arg>
<kw name="Set Client Key" library="Base">
<arg>${email}</arg>
<kw name="Create Dictionary" library="BuiltIn">
<var>&amp;{usuario}</var>
<arg>email=${email}</arg>
<doc>Creates and returns a dictionary based on the given ``items``.</doc>
<msg timestamp="20210906 16:20:30.326" level="INFO">&amp;{usuario} = { email=eliete@gmail.com }</msg>
<status status="PASS" starttime="20210906 16:20:30.325" endtime="20210906 16:20:30.326"/>
</kw>
<kw name="POST" library="RequestsLibrary">
<var>${response}</var>
<arg>${API_URL}/accounts</arg>
<arg>json=${usuario}</arg>
<doc>Sends a POST request.</doc>
<msg timestamp="20210906 16:20:31.627" level="INFO">POST Request : url=http://marvel.qaninja.academy/accounts 
 path_url=/accounts 
 headers={'User-Agent': 'python-requests/2.26.0', 'Accept-Encoding': 'gzip, deflate', 'Accept': '*/*', 'Connection': 'keep-alive', 'Content-Length': '29', 'Content-Type': 'application/json'} 
 body=b'{"email": "eliete@gmail.com"}' 
 </msg>
<msg timestamp="20210906 16:20:31.628" level="INFO">POST Response : url=http://marvel.qaninja.academy/accounts 
 status=200, reason=OK 
 headers={'Server': 'Cowboy', 'Connection': 'keep-alive', 'X-Powered-By': 'Express', 'Access-Control-Allow-Origin': '*', 'Content-Type': 'application/json; charset=utf-8', 'Content-Length': '41', 'Etag': 'W/"29-MAUdn1v+rLZB5Xv2zhZHsu4lobg"', 'Date': 'Mon, 06 Sep 2021 19:20:29 GMT', 'Via': '1.1 vegur'} 
 body={"client_key":"6131897c2f65af00162b4dad"} 
 </msg>
<msg timestamp="20210906 16:20:31.628" level="INFO">${response} = &lt;Response [200]&gt;</msg>
<status status="PASS" starttime="20210906 16:20:30.326" endtime="20210906 16:20:31.628"/>
</kw>
<kw name="Set Variable" library="BuiltIn">
<var>${client_key}</var>
<arg>${response.json()}[client_key]</arg>
<doc>Returns the given values which can then be assigned to a variables.</doc>
<msg timestamp="20210906 16:20:31.631" level="INFO">${client_key} = 6131897c2f65af00162b4dad</msg>
<status status="PASS" starttime="20210906 16:20:31.629" endtime="20210906 16:20:31.632"/>
</kw>
<kw name="Create Dictionary" library="BuiltIn">
<var>&amp;{HEADERS}</var>
<arg>client_key=${client_key}</arg>
<doc>Creates and returns a dictionary based on the given ``items``.</doc>
<msg timestamp="20210906 16:20:31.634" level="INFO">&amp;{HEADERS} = { client_key=6131897c2f65af00162b4dad }</msg>
<status status="PASS" starttime="20210906 16:20:31.632" endtime="20210906 16:20:31.634"/>
</kw>
<kw name="Set Suite Variable" library="BuiltIn">
<arg>${HEADERS}</arg>
<doc>Makes a variable available everywhere within the scope of the current suite.</doc>
<msg timestamp="20210906 16:20:31.636" level="INFO">${HEADERS} = {'client_key': '6131897c2f65af00162b4dad'}</msg>
<status status="PASS" starttime="20210906 16:20:31.635" endtime="20210906 16:20:31.637"/>
</kw>
<status status="PASS" starttime="20210906 16:20:30.325" endtime="20210906 16:20:31.637"/>
</kw>
<kw name="Back To The Past" library="Base">
<kw name="DELETE" library="RequestsLibrary">
<arg>${API_URL}/delorean</arg>
<arg>headers=${HEADERS}</arg>
<doc>Sends a DELETE request.</doc>
<msg timestamp="20210906 16:20:32.038" level="INFO">DELETE Request : url=http://marvel.qaninja.academy/delorean 
 path_url=/delorean 
 headers={'User-Agent': 'python-requests/2.26.0', 'Accept-Encoding': 'gzip, deflate', 'Accept': '*/*', 'Connection': 'keep-alive', 'client_key': '6131897c2f65af00162b4dad', 'Content-Length': '0'} 
 body=None 
 </msg>
<msg timestamp="20210906 16:20:32.038" level="INFO">DELETE Response : url=http://marvel.qaninja.academy/delorean 
 status=200, reason=OK 
 headers={'Server': 'Cowboy', 'Connection': 'keep-alive', 'X-Powered-By': 'Express', 'Access-Control-Allow-Origin': '*', 'Content-Type': 'application/json; charset=utf-8', 'Content-Length': '31', 'Etag': 'W/"1f-ImqlboUfbv1n1FbEV48J/4RvhGg"', 'Date': 'Mon, 06 Sep 2021 19:20:30 GMT', 'Via': '1.1 vegur'} 
 body={"message":"Avengers Assemble"} 
 </msg>
<status status="PASS" starttime="20210906 16:20:31.638" endtime="20210906 16:20:32.038"/>
</kw>
<status status="PASS" starttime="20210906 16:20:31.637" endtime="20210906 16:20:32.039"/>
</kw>
<status status="PASS" starttime="20210906 16:20:30.325" endtime="20210906 16:20:32.039"/>
</kw>
<test id="s1-t1" name="Deve cadastrar um personagem">
<kw name="Factory Star Lord" library="Guardians">
<var>${personagem}</var>
<msg timestamp="20210906 16:20:32.043" level="INFO">${personagem} = {'name': 'Peter Quill', 'aliases': 'Star Lord', 'age': 30, 'team': 'Guardians of the Galaxy', 'active': True}</msg>
<status status="PASS" starttime="20210906 16:20:32.042" endtime="20210906 16:20:32.043"/>
</kw>
<kw name="Post New Character" library="Characters">
<var>${response}</var>
<arg>${personagem}</arg>
<kw name="POST" library="RequestsLibrary">
<var>${response}</var>
<arg>${API_URL}/characters</arg>
<arg>json=${payload}</arg>
<arg>headers=${HEADERS}</arg>
<arg>expected_status=any</arg>
<doc>Sends a POST request.</doc>
<msg timestamp="20210906 16:20:32.445" level="INFO">POST Request : url=http://marvel.qaninja.academy/characters 
 path_url=/characters 
 headers={'User-Agent': 'python-requests/2.26.0', 'Accept-Encoding': 'gzip, deflate', 'Accept': '*/*', 'Connection': 'keep-alive', 'client_key': '6131897c2f65af00162b4dad', 'Content-Length': '109', 'Content-Type': 'application/json'} 
 body=b'{"name": "Peter Quill", "aliases": "Star Lord", "age": 30, "team": "Guardians of the Galaxy", "active": true}' 
 </msg>
<msg timestamp="20210906 16:20:32.446" level="INFO">POST Response : url=http://marvel.qaninja.academy/characters 
 status=200, reason=OK 
 headers={'Server': 'Cowboy', 'Connection': 'keep-alive', 'X-Powered-By': 'Express', 'Access-Control-Allow-Origin': '*', 'Content-Type': 'application/json; charset=utf-8', 'Content-Length': '168', 'Etag': 'W/"a8-FoQw4laGneLAex5xHgY7xnHJ0Oo"', 'Date': 'Mon, 06 Sep 2021 19:20:30 GMT', 'Via': '1.1 vegur'} 
 body={"_id":"613669feee284200167b3035","name":"Peter Quill","age":30,"aliases":"Star Lord","team":"Guardians of the Galaxy","active":true,"owner":"6131897c2f65af00162b4dad"} 
 </msg>
<msg timestamp="20210906 16:20:32.446" level="INFO">${response} = &lt;Response [200]&gt;</msg>
<status status="PASS" starttime="20210906 16:20:32.046" endtime="20210906 16:20:32.446"/>
</kw>
<msg timestamp="20210906 16:20:32.448" level="INFO">${response} = &lt;Response [200]&gt;</msg>
<status status="PASS" starttime="20210906 16:20:32.044" endtime="20210906 16:20:32.448"/>
</kw>
<kw name="Status Should Be" library="RequestsLibrary">
<arg>200</arg>
<arg>${response}</arg>
<doc>Fails if response status code is different than the expected.</doc>
<status status="PASS" starttime="20210906 16:20:32.450" endtime="20210906 16:20:32.451"/>
</kw>
<status status="PASS" starttime="20210906 16:20:32.040" endtime="20210906 16:20:32.453"/>
</test>
<test id="s1-t2" name="Não deve cadastrar com o mesmo nome">
<kw name="Factory Groot" library="Guardians">
<var>${personagem}</var>
<msg timestamp="20210906 16:20:32.461" level="INFO">${personagem} = {'name': 'Groot', 'aliases': 'Groot', 'age': 300, 'team': 'Guardians of the Galaxy', 'active': True}</msg>
<status status="PASS" starttime="20210906 16:20:32.460" endtime="20210906 16:20:32.461"/>
</kw>
<kw name="Post New Character" library="Characters">
<arg>${personagem}</arg>
<kw name="POST" library="RequestsLibrary">
<var>${response}</var>
<arg>${API_URL}/characters</arg>
<arg>json=${payload}</arg>
<arg>headers=${HEADERS}</arg>
<arg>expected_status=any</arg>
<doc>Sends a POST request.</doc>
<msg timestamp="20210906 16:20:32.854" level="INFO">POST Request : url=http://marvel.qaninja.academy/characters 
 path_url=/characters 
 headers={'User-Agent': 'python-requests/2.26.0', 'Accept-Encoding': 'gzip, deflate', 'Accept': '*/*', 'Connection': 'keep-alive', 'client_key': '6131897c2f65af00162b4dad', 'Content-Length': '100', 'Content-Type': 'application/json'} 
 body=b'{"name": "Groot", "aliases": "Groot", "age": 300, "team": "Guardians of the Galaxy", "active": true}' 
 </msg>
<msg timestamp="20210906 16:20:32.854" level="INFO">POST Response : url=http://marvel.qaninja.academy/characters 
 status=200, reason=OK 
 headers={'Server': 'Cowboy', 'Connection': 'keep-alive', 'X-Powered-By': 'Express', 'Access-Control-Allow-Origin': '*', 'Content-Type': 'application/json; charset=utf-8', 'Content-Length': '159', 'Etag': 'W/"9f-4GI1LatIZKMIe9Q36Rj1n99xLFI"', 'Date': 'Mon, 06 Sep 2021 19:20:30 GMT', 'Via': '1.1 vegur'} 
 body={"_id":"613669feee284200167b3039","name":"Groot","age":300,"aliases":"Groot","team":"Guardians of the Galaxy","active":true,"owner":"6131897c2f65af00162b4dad"} 
 </msg>
<msg timestamp="20210906 16:20:32.854" level="INFO">${response} = &lt;Response [200]&gt;</msg>
<status status="PASS" starttime="20210906 16:20:32.464" endtime="20210906 16:20:32.854"/>
</kw>
<status status="PASS" starttime="20210906 16:20:32.462" endtime="20210906 16:20:32.855"/>
</kw>
<kw name="Post New Character" library="Characters">
<var>${response}</var>
<arg>${personagem}</arg>
<kw name="POST" library="RequestsLibrary">
<var>${response}</var>
<arg>${API_URL}/characters</arg>
<arg>json=${payload}</arg>
<arg>headers=${HEADERS}</arg>
<arg>expected_status=any</arg>
<doc>Sends a POST request.</doc>
<msg timestamp="20210906 16:20:33.265" level="INFO">POST Request : url=http://marvel.qaninja.academy/characters 
 path_url=/characters 
 headers={'User-Agent': 'python-requests/2.26.0', 'Accept-Encoding': 'gzip, deflate', 'Accept': '*/*', 'Connection': 'keep-alive', 'client_key': '6131897c2f65af00162b4dad', 'Content-Length': '100', 'Content-Type': 'application/json'} 
 body=b'{"name": "Groot", "aliases": "Groot", "age": 300, "team": "Guardians of the Galaxy", "active": true}' 
 </msg>
<msg timestamp="20210906 16:20:33.265" level="INFO">POST Response : url=http://marvel.qaninja.academy/characters 
 status=409, reason=Conflict 
 headers={'Server': 'Cowboy', 'Connection': 'keep-alive', 'X-Powered-By': 'Express', 'Access-Control-Allow-Origin': '*', 'Content-Type': 'application/json; charset=utf-8', 'Content-Length': '39', 'Etag': 'W/"27-u8CjYCAAYHK/l+EQR0JyKi0LQGU"', 'Date': 'Mon, 06 Sep 2021 19:20:31 GMT', 'Via': '1.1 vegur'} 
 body={"error":"Character already exists :("} 
 </msg>
<msg timestamp="20210906 16:20:33.266" level="INFO">${response} = &lt;Response [409]&gt;</msg>
<status status="PASS" starttime="20210906 16:20:32.857" endtime="20210906 16:20:33.266"/>
</kw>
<msg timestamp="20210906 16:20:33.267" level="INFO">${response} = &lt;Response [409]&gt;</msg>
<status status="PASS" starttime="20210906 16:20:32.856" endtime="20210906 16:20:33.267"/>
</kw>
<kw name="Status Should Be" library="RequestsLibrary">
<arg>409</arg>
<arg>${response}</arg>
<doc>Fails if response status code is different than the expected.</doc>
<status status="PASS" starttime="20210906 16:20:33.270" endtime="20210906 16:20:33.272"/>
</kw>
<kw name="Should Be Equal" library="BuiltIn">
<arg>${response.json()}[error]</arg>
<arg>Character already exists :(</arg>
<doc>Fails if the given objects are unequal.</doc>
<status status="PASS" starttime="20210906 16:20:33.272" endtime="20210906 16:20:33.276"/>
</kw>
<tag>dup</tag>
<status status="PASS" starttime="20210906 16:20:32.458" endtime="20210906 16:20:33.277"/>
</test>
<doc>Suite de Teste do cadastro de personagens na API da Marvel</doc>
<status status="PASS" starttime="20210906 16:20:30.226" endtime="20210906 16:20:33.284"/>
</suite>
<statistics>
<total>
<stat pass="2" fail="0" skip="0">All Tests</stat>
</total>
<tag>
<stat pass="1" fail="0" skip="0">dup</stat>
</tag>
<suite>
<stat pass="2" fail="0" skip="0" id="s1" name="CreateCharacters">CreateCharacters</stat>
</suite>
</statistics>
<errors>
</errors>
</robot>
